\BOOKMARK [1][-]{section.1}{Introduction}{}% 1
\BOOKMARK [1][-]{section.2}{Literature Review}{}% 2
\BOOKMARK [2][-]{subsection.2.1}{Decentralized systems}{section.2}% 3
\BOOKMARK [3][-]{subsubsection.2.1.1}{Peer To Peer Properties}{subsection.2.1}% 4
\BOOKMARK [3][-]{subsubsection.2.1.2}{Routing algorithms in P2P networks}{subsection.2.1}% 5
\BOOKMARK [2][-]{subsection.2.2}{Study of user incentives in virtual communities}{section.2}% 6
\BOOKMARK [2][-]{subsection.2.3}{self management of shared resources using software agents }{section.2}% 7
\BOOKMARK [2][-]{subsection.2.4}{Recommender systems}{section.2}% 8
\BOOKMARK [3][-]{subsubsection.2.4.1}{Recommender systems categories}{subsection.2.4}% 9
\BOOKMARK [3][-]{subsubsection.2.4.2}{Issues of centralized recommender systems}{subsection.2.4}% 10
\BOOKMARK [2][-]{subsection.2.5}{Social Networks and Collaborative Filtering}{section.2}% 11
\BOOKMARK [3][-]{subsubsection.2.5.1}{ReferralWeb}{subsection.2.5}% 12
\BOOKMARK [3][-]{subsubsection.2.5.2}{A protocol of distributed recommender system}{subsection.2.5}% 13
\BOOKMARK [3][-]{subsubsection.2.5.3}{Distributed advice-seeking on an evolving social network}{subsection.2.5}% 14
\BOOKMARK [3][-]{subsubsection.2.5.4}{Trust-Based community formation in P2P File sharing networks}{subsection.2.5}% 15
\BOOKMARK [1][-]{section.3}{Document Filtering Strategies in Social Networks}{}% 16
\BOOKMARK [1][-]{section.4}{Experiments}{}% 17
\BOOKMARK [2][-]{subsection.4.1}{Experiment 1}{section.4}% 18
\BOOKMARK [3][-]{subsubsection.4.1.1}{Goal}{subsection.4.1}% 19
\BOOKMARK [3][-]{subsubsection.4.1.2}{Hypotheses}{subsection.4.1}% 20
\BOOKMARK [3][-]{subsubsection.4.1.3}{Settings}{subsection.4.1}% 21
\BOOKMARK [3][-]{subsubsection.4.1.4}{Results and Discussion}{subsection.4.1}% 22
\BOOKMARK [2][-]{subsection.4.2}{Experiment 2}{section.4}% 23
\BOOKMARK [3][-]{subsubsection.4.2.1}{Goal}{subsection.4.2}% 24
\BOOKMARK [3][-]{subsubsection.4.2.2}{Hypothesis}{subsection.4.2}% 25
\BOOKMARK [3][-]{subsubsection.4.2.3}{Settings}{subsection.4.2}% 26
\BOOKMARK [3][-]{subsubsection.4.2.4}{Results and Conclusion}{subsection.4.2}% 27
\BOOKMARK [2][-]{subsection.4.3}{Experiment 3}{section.4}% 28
\BOOKMARK [3][-]{subsubsection.4.3.1}{Goal}{subsection.4.3}% 29
\BOOKMARK [3][-]{subsubsection.4.3.2}{Hypothesis}{subsection.4.3}% 30
\BOOKMARK [3][-]{subsubsection.4.3.3}{Settings}{subsection.4.3}% 31
\BOOKMARK [3][-]{subsubsection.4.3.4}{Results and Conclusion}{subsection.4.3}% 32
\BOOKMARK [2][-]{subsection.4.4}{Experiment 4}{section.4}% 33
\BOOKMARK [3][-]{subsubsection.4.4.1}{Goal}{subsection.4.4}% 34
\BOOKMARK [3][-]{subsubsection.4.4.2}{Hypothesis}{subsection.4.4}% 35
\BOOKMARK [3][-]{subsubsection.4.4.3}{Experiment Settings}{subsection.4.4}% 36
\BOOKMARK [3][-]{subsubsection.4.4.4}{Result And Discussion}{subsection.4.4}% 37
\BOOKMARK [2][-]{subsection.4.5}{Experiment 5}{section.4}% 38
\BOOKMARK [3][-]{subsubsection.4.5.1}{Goal}{subsection.4.5}% 39
\BOOKMARK [3][-]{subsubsection.4.5.2}{Hypothesis}{subsection.4.5}% 40
\BOOKMARK [3][-]{subsubsection.4.5.3}{Experiment Settings}{subsection.4.5}% 41
\BOOKMARK [3][-]{subsubsection.4.5.4}{Discussion and Results}{subsection.4.5}% 42
\BOOKMARK [2][-]{subsection.4.6}{Experiment 6}{section.4}% 43
\BOOKMARK [3][-]{subsubsection.4.6.1}{Goal}{subsection.4.6}% 44
\BOOKMARK [3][-]{subsubsection.4.6.2}{Hypothesis}{subsection.4.6}% 45
\BOOKMARK [3][-]{subsubsection.4.6.3}{Experiment Settings}{subsection.4.6}% 46
\BOOKMARK [3][-]{subsubsection.4.6.4}{Discussion and Results}{subsection.4.6}% 47
\BOOKMARK [2][-]{subsection.4.7}{Experiment 7}{section.4}% 48
\BOOKMARK [3][-]{subsubsection.4.7.1}{Goal}{subsection.4.7}% 49
\BOOKMARK [3][-]{subsubsection.4.7.2}{Hypothesis}{subsection.4.7}% 50
\BOOKMARK [3][-]{subsubsection.4.7.3}{Experiment Settings}{subsection.4.7}% 51
\BOOKMARK [3][-]{subsubsection.4.7.4}{Discussion and Results}{subsection.4.7}% 52
\BOOKMARK [2][-]{subsection.4.8}{Experiment 8}{section.4}% 53
\BOOKMARK [3][-]{subsubsection.4.8.1}{Goal}{subsection.4.8}% 54
\BOOKMARK [3][-]{subsubsection.4.8.2}{Hypothesis}{subsection.4.8}% 55
\BOOKMARK [3][-]{subsubsection.4.8.3}{Experiment Settings}{subsection.4.8}% 56
\BOOKMARK [3][-]{subsubsection.4.8.4}{Discussion and Results}{subsection.4.8}% 57
\BOOKMARK [2][-]{subsection.4.9}{Experiment 9}{section.4}% 58
\BOOKMARK [3][-]{subsubsection.4.9.1}{Goal}{subsection.4.9}% 59
\BOOKMARK [3][-]{subsubsection.4.9.2}{Hypothesis}{subsection.4.9}% 60
\BOOKMARK [3][-]{subsubsection.4.9.3}{Experiment Settings}{subsection.4.9}% 61
\BOOKMARK [3][-]{subsubsection.4.9.4}{Results and Discussion}{subsection.4.9}% 62
\BOOKMARK [2][-]{subsection.4.10}{Experiment 10}{section.4}% 63
\BOOKMARK [3][-]{subsubsection.4.10.1}{Goal}{subsection.4.10}% 64
\BOOKMARK [3][-]{subsubsection.4.10.2}{Hypothesis}{subsection.4.10}% 65
\BOOKMARK [3][-]{subsubsection.4.10.3}{Experiment Settings}{subsection.4.10}% 66
\BOOKMARK [3][-]{subsubsection.4.10.4}{Results and Discussion}{subsection.4.10}% 67
\BOOKMARK [2][-]{subsection.4.11}{Experiment 11}{section.4}% 68
\BOOKMARK [3][-]{subsubsection.4.11.1}{Goal}{subsection.4.11}% 69
\BOOKMARK [3][-]{subsubsection.4.11.2}{Hypothesis}{subsection.4.11}% 70
\BOOKMARK [3][-]{subsubsection.4.11.3}{Experiment Settings}{subsection.4.11}% 71
\BOOKMARK [3][-]{subsubsection.4.11.4}{Results and Discussion}{subsection.4.11}% 72
\BOOKMARK [2][-]{subsection.4.12}{Experiment 12}{section.4}% 73
\BOOKMARK [3][-]{subsubsection.4.12.1}{Goal}{subsection.4.12}% 74
\BOOKMARK [3][-]{subsubsection.4.12.2}{Hypothesis}{subsection.4.12}% 75
\BOOKMARK [3][-]{subsubsection.4.12.3}{Experiment Settings}{subsection.4.12}% 76
\BOOKMARK [3][-]{subsubsection.4.12.4}{Results and Discussion}{subsection.4.12}% 77
\BOOKMARK [2][-]{subsection.4.13}{Experiment 13}{section.4}% 78
\BOOKMARK [3][-]{subsubsection.4.13.1}{Goal}{subsection.4.13}% 79
\BOOKMARK [3][-]{subsubsection.4.13.2}{Hypothesis}{subsection.4.13}% 80
\BOOKMARK [3][-]{subsubsection.4.13.3}{Experiment Settings}{subsection.4.13}% 81
\BOOKMARK [3][-]{subsubsection.4.13.4}{Results and Discussion}{subsection.4.13}% 82
\BOOKMARK [1][-]{section.5}{Conclusion}{}% 83
