This is pdfTeX, Version 3.14159265-2.6-1.40.15 (TeX Live 2014) (preloaded format=pdflatex 2014.5.25)  23 JUL 2016 22:19
entering extended mode
 restricted \write18 enabled.
 %&-line parsing enabled.
**Exp.tex
(./Exp.tex
LaTeX2e <2014/05/01>
Babel <3.9k> and hyphenation patterns for 78 languages loaded.
(/usr/local/texlive/2014/texmf-dist/tex/latex/base/article.cls
Document Class: article 2007/10/19 v1.4h Standard LaTeX document class
(/usr/local/texlive/2014/texmf-dist/tex/latex/base/size12.clo
File: size12.clo 2007/10/19 v1.4h Standard LaTeX file (size option)
)
\c@part=\count79
\c@section=\count80
\c@subsection=\count81
\c@subsubsection=\count82
\c@paragraph=\count83
\c@subparagraph=\count84
\c@figure=\count85
\c@table=\count86
\abovecaptionskip=\skip41
\belowcaptionskip=\skip42
\bibindent=\dimen102
)
(/usr/local/texlive/2014/texmf-dist/tex/latex/tools/multicol.sty
Package: multicol 2014/04/23 v1.8e multicolumn formatting (FMi)
\c@tracingmulticols=\count87
\mult@box=\box26
\multicol@leftmargin=\dimen103
\c@unbalance=\count88
\c@collectmore=\count89
\doublecol@number=\count90
\multicoltolerance=\count91
\multicolpretolerance=\count92
\full@width=\dimen104
\page@free=\dimen105
\premulticols=\dimen106
\postmulticols=\dimen107
\multicolsep=\skip43
\multicolbaselineskip=\skip44
\partial@page=\box27
\last@line=\box28
\maxbalancingoverflow=\dimen108
\mult@rightbox=\box29
\mult@grightbox=\box30
\mult@gfirstbox=\box31
\mult@firstbox=\box32
\@tempa=\box33
\@tempa=\box34
\@tempa=\box35
\@tempa=\box36
\@tempa=\box37
\@tempa=\box38
\@tempa=\box39
\@tempa=\box40
\@tempa=\box41
\@tempa=\box42
\@tempa=\box43
\@tempa=\box44
\@tempa=\box45
\@tempa=\box46
\@tempa=\box47
\@tempa=\box48
\@tempa=\box49
\c@columnbadness=\count93
\c@finalcolumnbadness=\count94
\last@try=\dimen109
\multicolovershoot=\dimen110
\multicolundershoot=\dimen111
\mult@nat@firstbox=\box50
\colbreak@box=\box51
\mc@col@check@num=\count95
)
(/usr/local/texlive/2014/texmf-dist/tex/latex/tools/array.sty
Package: array 2008/09/09 v2.4c Tabular extension package (FMi)
\col@sep=\dimen112
\extrarowheight=\dimen113
\NC@list=\toks14
\extratabsurround=\skip45
\backup@length=\skip46
)
(/usr/local/texlive/2014/texmf-dist/tex/latex/geometry/geometry.sty
Package: geometry 2010/09/12 v5.6 Page Geometry

(/usr/local/texlive/2014/texmf-dist/tex/latex/graphics/keyval.sty
Package: keyval 2014/05/08 v1.15 key=value parser (DPC)
\KV@toks@=\toks15
)
(/usr/local/texlive/2014/texmf-dist/tex/generic/oberdiek/ifpdf.sty
Package: ifpdf 2011/01/30 v2.3 Provides the ifpdf switch (HO)
Package ifpdf Info: pdfTeX in PDF mode is detected.
)
(/usr/local/texlive/2014/texmf-dist/tex/generic/oberdiek/ifvtex.sty
Package: ifvtex 2010/03/01 v1.5 Detect VTeX and its facilities (HO)
Package ifvtex Info: VTeX not detected.
)
(/usr/local/texlive/2014/texmf-dist/tex/generic/ifxetex/ifxetex.sty
Package: ifxetex 2010/09/12 v0.6 Provides ifxetex conditional
)
\Gm@cnth=\count96
\Gm@cntv=\count97
\c@Gm@tempcnt=\count98
\Gm@bindingoffset=\dimen114
\Gm@wd@mp=\dimen115
\Gm@odd@mp=\dimen116
\Gm@even@mp=\dimen117
\Gm@layoutwidth=\dimen118
\Gm@layoutheight=\dimen119
\Gm@layouthoffset=\dimen120
\Gm@layoutvoffset=\dimen121
\Gm@dimlist=\toks16
)
(/usr/local/texlive/2014/texmf-dist/tex/latex/graphics/graphicx.sty
Package: graphicx 2014/04/25 v1.0g Enhanced LaTeX Graphics (DPC,SPQR)

(/usr/local/texlive/2014/texmf-dist/tex/latex/graphics/graphics.sty
Package: graphics 2009/02/05 v1.0o Standard LaTeX Graphics (DPC,SPQR)

(/usr/local/texlive/2014/texmf-dist/tex/latex/graphics/trig.sty
Package: trig 1999/03/16 v1.09 sin cos tan (DPC)
)
(/usr/local/texlive/2014/texmf-dist/tex/latex/latexconfig/graphics.cfg
File: graphics.cfg 2010/04/23 v1.9 graphics configuration of TeX Live
)
Package graphics Info: Driver file: pdftex.def on input line 91.

(/usr/local/texlive/2014/texmf-dist/tex/latex/pdftex-def/pdftex.def
File: pdftex.def 2011/05/27 v0.06d Graphics/color for pdfTeX

(/usr/local/texlive/2014/texmf-dist/tex/generic/oberdiek/infwarerr.sty
Package: infwarerr 2010/04/08 v1.3 Providing info/warning/error messages (HO)
)
(/usr/local/texlive/2014/texmf-dist/tex/generic/oberdiek/ltxcmds.sty
Package: ltxcmds 2011/11/09 v1.22 LaTeX kernel commands for general use (HO)
)
\Gread@gobject=\count99
))
\Gin@req@height=\dimen122
\Gin@req@width=\dimen123
)
(/usr/local/texlive/2014/texmf-dist/tex/latex/adjustbox/adjustbox.sty
Package: adjustbox 2012/05/21 v1.0 Adjusting TeX boxes (trim, clip, ...)

(/usr/local/texlive/2014/texmf-dist/tex/latex/xkeyval/xkeyval.sty
Package: xkeyval 2014/05/09 v2.6d package option processing (HA)

(/usr/local/texlive/2014/texmf-dist/tex/generic/xkeyval/xkeyval.tex
\XKV@toks=\toks17
\XKV@tempa@toks=\toks18
\XKV@depth=\count100
File: xkeyval.tex 2014/05/09 v2.6d key=value parser (HA)
))
(/usr/local/texlive/2014/texmf-dist/tex/latex/adjustbox/adjcalc.sty
Package: adjcalc 2012/05/16 v1.1 Provides advanced setlength with multiple back
-ends (calc, etex, pgfmath)
)
(/usr/local/texlive/2014/texmf-dist/tex/latex/adjustbox/trimclip.sty
Package: trimclip 2012/05/16 v1.0 Trim and clip general TeX material

(/usr/local/texlive/2014/texmf-dist/tex/latex/collectbox/collectbox.sty
Package: collectbox 2012/05/17 v0.4b Collect macro arguments as boxes
\collectedbox=\box52
)
\tc@llx=\dimen124
\tc@lly=\dimen125
\tc@urx=\dimen126
\tc@ury=\dimen127
Package trimclip Info: Using driver 'tc-pdftex.def'.

(/usr/local/texlive/2014/texmf-dist/tex/latex/adjustbox/tc-pdftex.def
File: tc-pdftex.def 2012/05/13 v1.0 Clipping driver for pdftex
))
\adjbox@Width=\dimen128
\adjbox@Height=\dimen129
\adjbox@Depth=\dimen130
\adjbox@Totalheight=\dimen131

(/usr/local/texlive/2014/texmf-dist/tex/latex/ifoddpage/ifoddpage.sty
Package: ifoddpage 2011/09/13 v1.0 Conditionals for odd/even page detection
\c@checkoddpage=\count101
)
(/usr/local/texlive/2014/texmf-dist/tex/latex/varwidth/varwidth.sty
Package: varwidth 2009/03/30 ver 0.92;  Variable-width minipages
\@vwid@box=\box53
\sift@deathcycles=\count102
\@vwid@loff=\dimen132
\@vwid@roff=\dimen133
))
(/usr/local/texlive/2014/texmf-dist/tex/latex/placeins/placeins.sty
Package: placeins 2005/04/18  v 2.2
)
(/usr/local/texlive/2014/texmf-dist/tex/latex/amsmath/amsmath.sty
Package: amsmath 2013/01/14 v2.14 AMS math features
\@mathmargin=\skip47

For additional information on amsmath, use the `?' option.
(/usr/local/texlive/2014/texmf-dist/tex/latex/amsmath/amstext.sty
Package: amstext 2000/06/29 v2.01

(/usr/local/texlive/2014/texmf-dist/tex/latex/amsmath/amsgen.sty
File: amsgen.sty 1999/11/30 v2.0
\@emptytoks=\toks19
\ex@=\dimen134
))
(/usr/local/texlive/2014/texmf-dist/tex/latex/amsmath/amsbsy.sty
Package: amsbsy 1999/11/29 v1.2d
\pmbraise@=\dimen135
)
(/usr/local/texlive/2014/texmf-dist/tex/latex/amsmath/amsopn.sty
Package: amsopn 1999/12/14 v2.01 operator names
)
\inf@bad=\count103
LaTeX Info: Redefining \frac on input line 210.
\uproot@=\count104
\leftroot@=\count105
LaTeX Info: Redefining \overline on input line 306.
\classnum@=\count106
\DOTSCASE@=\count107
LaTeX Info: Redefining \ldots on input line 378.
LaTeX Info: Redefining \dots on input line 381.
LaTeX Info: Redefining \cdots on input line 466.
\Mathstrutbox@=\box54
\strutbox@=\box55
\big@size=\dimen136
LaTeX Font Info:    Redeclaring font encoding OML on input line 566.
LaTeX Font Info:    Redeclaring font encoding OMS on input line 567.
\macc@depth=\count108
\c@MaxMatrixCols=\count109
\dotsspace@=\muskip10
\c@parentequation=\count110
\dspbrk@lvl=\count111
\tag@help=\toks20
\row@=\count112
\column@=\count113
\maxfields@=\count114
\andhelp@=\toks21
\eqnshift@=\dimen137
\alignsep@=\dimen138
\tagshift@=\dimen139
\tagwidth@=\dimen140
\totwidth@=\dimen141
\lineht@=\dimen142
\@envbody=\toks22
\multlinegap=\skip48
\multlinetaggap=\skip49
\mathdisplay@stack=\toks23
LaTeX Info: Redefining \[ on input line 2665.
LaTeX Info: Redefining \] on input line 2666.
)
(/usr/local/texlive/2014/texmf-dist/tex/latex/titlesec/titlesec.sty
Package: titlesec 2011/12/15 v2.10.0 Sectioning titles
\ttl@box=\box56
\beforetitleunit=\skip50
\aftertitleunit=\skip51
\ttl@plus=\dimen143
\ttl@minus=\dimen144
\ttl@toksa=\toks24
\titlewidth=\dimen145
\titlewidthlast=\dimen146
\titlewidthfirst=\dimen147
)
(/usr/local/texlive/2014/texmf-dist/tex/latex/hyperref/hyperref.sty
Package: hyperref 2012/11/06 v6.83m Hypertext links for LaTeX

(/usr/local/texlive/2014/texmf-dist/tex/generic/oberdiek/hobsub-hyperref.sty
Package: hobsub-hyperref 2012/05/28 v1.13 Bundle oberdiek, subset hyperref (HO)


(/usr/local/texlive/2014/texmf-dist/tex/generic/oberdiek/hobsub-generic.sty
Package: hobsub-generic 2012/05/28 v1.13 Bundle oberdiek, subset generic (HO)
Package: hobsub 2012/05/28 v1.13 Construct package bundles (HO)
Package hobsub Info: Skipping package `infwarerr' (already loaded).
Package hobsub Info: Skipping package `ltxcmds' (already loaded).
Package: ifluatex 2010/03/01 v1.3 Provides the ifluatex switch (HO)
Package ifluatex Info: LuaTeX not detected.
Package hobsub Info: Skipping package `ifvtex' (already loaded).
Package: intcalc 2007/09/27 v1.1 Expandable calculations with integers (HO)
Package hobsub Info: Skipping package `ifpdf' (already loaded).
Package: etexcmds 2011/02/16 v1.5 Avoid name clashes with e-TeX commands (HO)
Package etexcmds Info: Could not find \expanded.
(etexcmds)             That can mean that you are not using pdfTeX 1.50 or
(etexcmds)             that some package has redefined \expanded.
(etexcmds)             In the latter case, load this package earlier.
Package: kvsetkeys 2012/04/25 v1.16 Key value parser (HO)
Package: kvdefinekeys 2011/04/07 v1.3 Define keys (HO)
Package: pdftexcmds 2011/11/29 v0.20 Utility functions of pdfTeX for LuaTeX (HO
)
Package pdftexcmds Info: LuaTeX not detected.
Package pdftexcmds Info: \pdf@primitive is available.
Package pdftexcmds Info: \pdf@ifprimitive is available.
Package pdftexcmds Info: \pdfdraftmode found.
Package: pdfescape 2011/11/25 v1.13 Implements pdfTeX's escape features (HO)
Package: bigintcalc 2012/04/08 v1.3 Expandable calculations on big integers (HO
)
Package: bitset 2011/01/30 v1.1 Handle bit-vector datatype (HO)
Package: uniquecounter 2011/01/30 v1.2 Provide unlimited unique counter (HO)
)
Package hobsub Info: Skipping package `hobsub' (already loaded).
Package: letltxmacro 2010/09/02 v1.4 Let assignment for LaTeX macros (HO)
Package: hopatch 2012/05/28 v1.2 Wrapper for package hooks (HO)
Package: xcolor-patch 2011/01/30 xcolor patch
Package: atveryend 2011/06/30 v1.8 Hooks at the very end of document (HO)
Package atveryend Info: \enddocument detected (standard20110627).
Package: atbegshi 2011/10/05 v1.16 At begin shipout hook (HO)
Package: refcount 2011/10/16 v3.4 Data extraction from label references (HO)
Package: hycolor 2011/01/30 v1.7 Color options for hyperref/bookmark (HO)
)
(/usr/local/texlive/2014/texmf-dist/tex/latex/oberdiek/auxhook.sty
Package: auxhook 2011/03/04 v1.3 Hooks for auxiliary files (HO)
)
(/usr/local/texlive/2014/texmf-dist/tex/latex/oberdiek/kvoptions.sty
Package: kvoptions 2011/06/30 v3.11 Key value format for package options (HO)
)
\@linkdim=\dimen148
\Hy@linkcounter=\count115
\Hy@pagecounter=\count116

(/usr/local/texlive/2014/texmf-dist/tex/latex/hyperref/pd1enc.def
File: pd1enc.def 2012/11/06 v6.83m Hyperref: PDFDocEncoding definition (HO)
)
\Hy@SavedSpaceFactor=\count117

(/usr/local/texlive/2014/texmf-dist/tex/latex/latexconfig/hyperref.cfg
File: hyperref.cfg 2002/06/06 v1.2 hyperref configuration of TeXLive
)
Package hyperref Info: Hyper figures OFF on input line 4443.
Package hyperref Info: Link nesting OFF on input line 4448.
Package hyperref Info: Hyper index ON on input line 4451.
Package hyperref Info: Plain pages OFF on input line 4458.
Package hyperref Info: Backreferencing OFF on input line 4463.
Package hyperref Info: Implicit mode ON; LaTeX internals redefined.
Package hyperref Info: Bookmarks ON on input line 4688.
\c@Hy@tempcnt=\count118

(/usr/local/texlive/2014/texmf-dist/tex/latex/url/url.sty
\Urlmuskip=\muskip11
Package: url 2013/09/16  ver 3.4  Verb mode for urls, etc.
)
LaTeX Info: Redefining \url on input line 5041.
\XeTeXLinkMargin=\dimen149
\Fld@menulength=\count119
\Field@Width=\dimen150
\Fld@charsize=\dimen151
Package hyperref Info: Hyper figures OFF on input line 6295.
Package hyperref Info: Link nesting OFF on input line 6300.
Package hyperref Info: Hyper index ON on input line 6303.
Package hyperref Info: backreferencing OFF on input line 6310.
Package hyperref Info: Link coloring OFF on input line 6315.
Package hyperref Info: Link coloring with OCG OFF on input line 6320.
Package hyperref Info: PDF/A mode OFF on input line 6325.
LaTeX Info: Redefining \ref on input line 6365.
LaTeX Info: Redefining \pageref on input line 6369.
\Hy@abspage=\count120
\c@Item=\count121
\c@Hfootnote=\count122
)

Package hyperref Message: Driver (autodetected): hpdftex.

(/usr/local/texlive/2014/texmf-dist/tex/latex/hyperref/hpdftex.def
File: hpdftex.def 2012/11/06 v6.83m Hyperref driver for pdfTeX
\Fld@listcount=\count123
\c@bookmark@seq@number=\count124

(/usr/local/texlive/2014/texmf-dist/tex/latex/oberdiek/rerunfilecheck.sty
Package: rerunfilecheck 2011/04/15 v1.7 Rerun checks for auxiliary files (HO)
Package uniquecounter Info: New unique counter `rerunfilecheck' on input line 2
82.
)
\Hy@SectionHShift=\skip52
)
(./Exp.aux

LaTeX Warning: Label `default' multiply defined.


LaTeX Warning: Label `default' multiply defined.


LaTeX Warning: Label `default' multiply defined.


LaTeX Warning: Label `default' multiply defined.


LaTeX Warning: Label `default' multiply defined.


LaTeX Warning: Label `default' multiply defined.


LaTeX Warning: Label `default' multiply defined.


LaTeX Warning: Label `default' multiply defined.


LaTeX Warning: Label `fig:images/EXP3-2' multiply defined.


LaTeX Warning: Label `fig:images/EXP3-2' multiply defined.


LaTeX Warning: Label `default' multiply defined.


LaTeX Warning: Label `default' multiply defined.


LaTeX Warning: Label `default' multiply defined.


LaTeX Warning: Label `fig:images/EXP3-2' multiply defined.


LaTeX Warning: Label `fig:images/EXP3-2' multiply defined.


LaTeX Warning: Label `default' multiply defined.


LaTeX Warning: Label `default' multiply defined.


LaTeX Warning: Label `default' multiply defined.


LaTeX Warning: Label `fig:images/EXP3-2' multiply defined.


LaTeX Warning: Label `default' multiply defined.


LaTeX Warning: Label `default' multiply defined.


LaTeX Warning: Label `default' multiply defined.


LaTeX Warning: Label `fig:images/EXP3-2' multiply defined.


LaTeX Warning: Label `default' multiply defined.


LaTeX Warning: Label `default' multiply defined.


LaTeX Warning: Label `default' multiply defined.


LaTeX Warning: Label `default' multiply defined.


LaTeX Warning: Label `default' multiply defined.


LaTeX Warning: Label `default' multiply defined.


LaTeX Warning: Label `default' multiply defined.


LaTeX Warning: Label `default' multiply defined.


LaTeX Warning: Label `default' multiply defined.


LaTeX Warning: Label `default' multiply defined.


LaTeX Warning: Label `default' multiply defined.


LaTeX Warning: Label `default' multiply defined.


LaTeX Warning: Label `default' multiply defined.


LaTeX Warning: Label `default' multiply defined.


LaTeX Warning: Label `default' multiply defined.


LaTeX Warning: Label `default' multiply defined.


LaTeX Warning: Label `default' multiply defined.


LaTeX Warning: Label `default' multiply defined.


LaTeX Warning: Label `default' multiply defined.


LaTeX Warning: Label `default' multiply defined.


LaTeX Warning: Label `default' multiply defined.


LaTeX Warning: Label `default' multiply defined.


LaTeX Warning: Label `default' multiply defined.

)
\openout1 = `Exp.aux'.

LaTeX Font Info:    Checking defaults for OML/cmm/m/it on input line 12.
LaTeX Font Info:    ... okay on input line 12.
LaTeX Font Info:    Checking defaults for T1/cmr/m/n on input line 12.
LaTeX Font Info:    ... okay on input line 12.
LaTeX Font Info:    Checking defaults for OT1/cmr/m/n on input line 12.
LaTeX Font Info:    ... okay on input line 12.
LaTeX Font Info:    Checking defaults for OMS/cmsy/m/n on input line 12.
LaTeX Font Info:    ... okay on input line 12.
LaTeX Font Info:    Checking defaults for OMX/cmex/m/n on input line 12.
LaTeX Font Info:    ... okay on input line 12.
LaTeX Font Info:    Checking defaults for U/cmr/m/n on input line 12.
LaTeX Font Info:    ... okay on input line 12.
LaTeX Font Info:    Checking defaults for PD1/pdf/m/n on input line 12.
LaTeX Font Info:    ... okay on input line 12.

*geometry* driver: auto-detecting
*geometry* detected driver: pdftex
*geometry* verbose mode - [ preamble ] result:
* driver: pdftex
* paper: <default>
* layout: <same size as paper>
* layoutoffset:(h,v)=(0.0pt,0.0pt)
* modes: 
* h-part:(L,W,R)=(92.14519pt, 430.00462pt, 92.14519pt)
* v-part:(T,H,B)=(95.39737pt, 556.47656pt, 143.09605pt)
* \paperwidth=614.295pt
* \paperheight=794.96999pt
* \textwidth=430.00462pt
* \textheight=556.47656pt
* \oddsidemargin=19.8752pt
* \evensidemargin=19.8752pt
* \topmargin=-13.87262pt
* \headheight=12.0pt
* \headsep=25.0pt
* \topskip=12.0pt
* \footskip=30.0pt
* \marginparwidth=44.0pt
* \marginparsep=10.0pt
* \columnsep=10.0pt
* \skip\footins=10.8pt plus 4.0pt minus 2.0pt
* \hoffset=0.0pt
* \voffset=0.0pt
* \mag=1000
* \@twocolumnfalse
* \@twosidefalse
* \@mparswitchfalse
* \@reversemarginfalse
* (1in=72.27pt=25.4mm, 1cm=28.453pt)

(/usr/local/texlive/2014/texmf-dist/tex/context/base/supp-pdf.mkii
[Loading MPS to PDF converter (version 2006.09.02).]
\scratchcounter=\count125
\scratchdimen=\dimen152
\scratchbox=\box57
\nofMPsegments=\count126
\nofMParguments=\count127
\everyMPshowfont=\toks25
\MPscratchCnt=\count128
\MPscratchDim=\dimen153
\MPnumerator=\count129
\makeMPintoPDFobject=\count130
\everyMPtoPDFconversion=\toks26
) (/usr/local/texlive/2014/texmf-dist/tex/latex/oberdiek/epstopdf-base.sty
Package: epstopdf-base 2010/02/09 v2.5 Base part for package epstopdf

(/usr/local/texlive/2014/texmf-dist/tex/latex/oberdiek/grfext.sty
Package: grfext 2010/08/19 v1.1 Manage graphics extensions (HO)
)
Package grfext Info: Graphics extension search list:
(grfext)             [.png,.pdf,.jpg,.mps,.jpeg,.jbig2,.jb2,.PNG,.PDF,.JPG,.JPE
G,.JBIG2,.JB2,.eps]
(grfext)             \AppendGraphicsExtensions on input line 452.

(/usr/local/texlive/2014/texmf-dist/tex/latex/latexconfig/epstopdf-sys.cfg
File: epstopdf-sys.cfg 2010/07/13 v1.3 Configuration of (r)epstopdf for TeX Liv
e
))
\AtBeginShipoutBox=\box58
Package hyperref Info: Link coloring OFF on input line 12.

(/usr/local/texlive/2014/texmf-dist/tex/latex/hyperref/nameref.sty
Package: nameref 2012/10/27 v2.43 Cross-referencing by name of section

(/usr/local/texlive/2014/texmf-dist/tex/generic/oberdiek/gettitlestring.sty
Package: gettitlestring 2010/12/03 v1.4 Cleanup title references (HO)
)
\c@section@level=\count131
)
LaTeX Info: Redefining \ref on input line 12.
LaTeX Info: Redefining \pageref on input line 12.
LaTeX Info: Redefining \nameref on input line 12.

(./Exp.out) (./Exp.out)
\@outlinefile=\write3
\openout3 = `Exp.out'.



Package hyperref Warning: Option `colorlinks' has already been used,
(hyperref)                setting the option has no effect on input line 18.

(./Exp.toc [1

{/usr/local/texlive/2014/texmf-var/fonts/map/pdftex/updmap/pdftex.map}] [2])
\tf@toc=\write4
\openout4 = `Exp.toc'.


Overfull \hbox (4.87141pt too wide) in paragraph at lines 49--55
\OT1/cmr/m/n/12 agents that can act on behalf of users and provide users with t
he best recommendations
 []

[3]
Overfull \hbox (24.11983pt too wide) in paragraph at lines 64--70
\OT1/cmr/m/n/12 The experiments are done with Netlogo, which is a multi-agent s
imulation framework.And,
 []


Overfull \hbox (3.82698pt too wide) in paragraph at lines 64--70
\OT1/cmr/m/n/12 in conclusion, the result of the experiments on the proposed st
rategies are summarized. 
 []

LaTeX Font Info:    Try loading font information for OMS+cmr on input line 110.

(/usr/local/texlive/2014/texmf-dist/tex/latex/base/omscmr.fd
File: omscmr.fd 1999/05/25 v2.5h Standard LaTeX font definitions
)
LaTeX Font Info:    Font shape `OMS/cmr/m/n' in size <12> not available
(Font)              Font shape `OMS/cmsy/m/n' tried instead on input line 110.
 [4]
Overfull \hbox (0.75479pt too wide) in paragraph at lines 137--144
[]\OT1/cmr/m/n/12 When a neighbouring node receives a request from another node
, it first searches
 []

[5]
Missing character: There is no ‚ in font cmr12!
Missing character: There is no Ä in font cmr12!
Missing character: There is no ú in font cmr12!
Missing character: There is no ‚ in font cmr12!
Missing character: There is no Ä in font cmr12!
Missing character: There is no ù in font cmr12!
Missing character: There is no ‚ in font cmr12!
Missing character: There is no Ä in font cmr12!
Missing character: There is no ú in font cmr12!
Missing character: There is no ‚ in font cmr12!
Missing character: There is no Ä in font cmr12!
Missing character: There is no ù in font cmr12!
Missing character: There is no ‚ in font cmr12!
Missing character: There is no Ä in font cmr12!
Missing character: There is no ú in font cmr12!
Missing character: There is no ‚ in font cmr12!
Missing character: There is no Ä in font cmr12!
Missing character: There is no ù in font cmr12!
Missing character: There is no ‚ in font cmr12!
Missing character: There is no Ä in font cmr12!
Missing character: There is no ú in font cmr12!
Missing character: There is no ‚ in font cmr12!
Missing character: There is no Ä in font cmr12!
Missing character: There is no ù in font cmr12!
Missing character: There is no ‚ in font cmr12!
Missing character: There is no Ä in font cmr12!
Missing character: There is no ú in font cmr12!
Missing character: There is no ‚ in font cmr12!
Missing character: There is no Ä in font cmr12!
Missing character: There is no ù in font cmr12!
Missing character: There is no ‚ in font cmr12!
Missing character: There is no Ä in font cmr12!
Missing character: There is no ú in font cmr12!
Missing character: There is no ‚ in font cmr12!
Missing character: There is no Ä in font cmr12!
Missing character: There is no ù in font cmr12!

Overfull \hbox (9.25002pt too wide) in paragraph at lines 211--211
 |[]\OT1/cmr/bx/n/14.4 self man-age-ment of shared re-sources us-ing soft-ware 
agents
 []

[6]
Missing character: There is no ‚ in font cmr12!
Missing character: There is no Ä in font cmr12!
Missing character: There is no ô in font cmr12!

Overfull \hbox (13.9755pt too wide) in paragraph at lines 239--247
[]\OT1/cmr/m/n/12 Exclusion measures the easiness of limiting individuals from 
the benefits of commons.
 []


Overfull \hbox (10.4774pt too wide) in paragraph at lines 247--255
[] |\OT1/cmr/bx/n/12 2.3.0.3 \OT1/cmr/m/n/12 A set of abstract roles that are n
ecessary to manage commons in an institution
 []


Overfull \hbox (11.92134pt too wide) in paragraph at lines 247--255
\OT1/cmr/m/n/12 were introduced by Ostrom as initiators, gatherers, evaluators,
 analysts, and consumers.
 []

[7]
Missing character: There is no ‚ in font cmr12!
Missing character: There is no Ä in font cmr12!
Missing character: There is no ô in font cmr12!
 [8]
Overfull \hbox (10.31165pt too wide) in paragraph at lines 356--375
\OT1/cmr/m/n/12 In  [[]], the authors proposed the use of an implicit social ne
twork, called as ReferralWeb,
 []

[9]
Overfull \hbox (6.94733pt too wide) in paragraph at lines 381--397
\OT1/cmr/m/n/12 recommendations on behalf of users. Each user's agent can get a
ccess to the preferences
 []

[10] [11] [12]
Overfull \hbox (19.07886pt too wide) in paragraph at lines 521--523
\OT1/cmr/m/n/12 where $\OML/cmm/m/it/12 e[]$ \OT1/cmr/m/n/12 and $\OML/cmm/m/it
/12 e[]$ \OT1/cmr/m/n/12 are the number of positive and negative experiences re
spectively. 
 []

[13]
Underfull \hbox (badness 10000) in paragraph at lines 554--563

 []


Underfull \hbox (badness 10000) in paragraph at lines 564--565

 []


Underfull \hbox (badness 10000) in paragraph at lines 564--565

 []

Missing character: There is no ‚ in font cmr12!
Missing character: There is no Ä in font cmr12!
Missing character: There is no ô in font cmr12!

Overfull \hbox (33.00038pt too wide) in paragraph at lines 567--569
[]\OT1/cmr/m/n/12 Agents collaboration is classified into the four categories o
f team, coalition, congregation,
 []

[14]
Overfull \hbox (14.26715pt too wide) in paragraph at lines 585--591
[]\OT1/cmr/m/n/12 In the proposed community-based Comtella, users can search fo
r papers by categories
 []


Underfull \hbox (badness 10000) in paragraph at lines 592--593

 []


Underfull \hbox (badness 10000) in paragraph at lines 592--593

 []

Missing character: There is no ‚ in font cmr12!
Missing character: There is no Ä in font cmr12!
Missing character: There is no ò in font cmr12!
Missing character: There is no ‚ in font cmr12!
Missing character: There is no Ä in font cmr12!
Missing character: There is no ô in font cmr12!
[15]
Underfull \hbox (badness 10000) in paragraph at lines 634--635

 []


Underfull \hbox (badness 10000) in paragraph at lines 634--635

 []

Missing character: There is no ‚ in font cmr12!
Missing character: There is no Ä in font cmr12!
Missing character: There is no ô in font cmr12!
Missing character: There is no ‚ in font cmr12!
Missing character: There is no Ä in font cmr12!
Missing character: There is no ô in font cmr12!
Missing character: There is no ‚ in font cmr12!
Missing character: There is no Ä in font cmr12!
Missing character: There is no ô in font cmr12!
Missing character: There is no ‚ in font cmr12!
Missing character: There is no Ä in font cmr12!
Missing character: There is no ô in font cmr12!

Overfull \hbox (3.82698pt too wide) in paragraph at lines 671--674
\OT1/cmr/m/n/12 provider has not rated that paper, the trust value would be cal
culated differently. 
 []

Missing character: There is no ‚ in font cmr12!
Missing character: There is no Ä in font cmr12!
Missing character: There is no ô in font cmr12!
[16]
Underfull \hbox (badness 10000) in paragraph at lines 700--701

 []


Underfull \hbox (badness 10000) in paragraph at lines 700--701

 []

Missing character: There is no ‚ in font cmr12!
Missing character: There is no Ä in font cmr12!
Missing character: There is no ô in font cmr12!

Overfull \hbox (3.10477pt too wide) in paragraph at lines 712--714
[]\OT1/cmr/m/n/12 Also, a members amount of trust by other members of a communi
ty is considered
 []

[17]
Overfull \hbox (11.52551pt too wide) in paragraph at lines 732--734
\OT1/cmr/m/n/12 In ``social network simulation'' paper new strategies introduce
d to improve the relevancy
 []

[18]
Overfull \hbox (3.55292pt too wide) in paragraph at lines 796--799
\OT1/cmr/m/n/12 documents, based on the popularity of that document. Popularity
 of a document
 []


Overfull \hbox (18.99013pt too wide) in paragraph at lines 796--799
\OT1/cmr/m/n/12 is measured as number of in-going edges of peers to that docume
nt ($\OML/cmm/m/it/12 popularity\OT1/cmr/m/n/12 (\OML/cmm/m/it/12 d\OT1/cmr/m/n
/12 ) =
 []


Overfull \hbox (8.90564pt too wide) in paragraph at lines 808--811
\OT1/cmr/m/n/12 documents, based on the popularity of peers who liked the docum
ents. Popularity
 []

[19] [20]
Overfull \hbox (1.56151pt too wide) in paragraph at lines 877--878
[]\OT1/cmr/m/n/12 Producer payoff: $[]$ (calculated since the
 []


Overfull \hbox (5.85788pt too wide) in paragraph at lines 899--901
[]\OT1/cmr/m/n/12 Therefore, When K = 5, $[]([]) = []$, and the number of unvis
ited documents
 []

[21]
Overfull \hbox (57.66592pt too wide) detected at line 938
[]\OT1/cmr/m/n/12 ([]) \OMS/cmsy/m/n/12 ^^C []\OT1/cmr/m/n/12 ([]) =
 []

[22]
Overfull \hbox (0.30202pt too wide) in paragraph at lines 961--964
\OT1/cmr/m/n/12 returned, and there would only remain documents in that peers h
ave no interest.
 []


Overfull \hbox (2.97838pt too wide) in paragraph at lines 1000--1006
\OT1/cmr/m/n/12 accumulated payoff to have a slope more moderate than in peer-l
ike-similarity strategy
 []


LaTeX Warning: `!h' float specifier changed to `!ht'.


LaTeX Warning: `!h' float specifier changed to `!ht'.

[23] <images/randSimMix.png, id=585, 608.9952pt x 318.9516pt>
File: images/randSimMix.png Graphic file (type png)

<use images/randSimMix.png>
Package pdftex.def Info: images/randSimMix.png used on input line 1069.
(pdftex.def)             Requested size: 258.00539pt x 135.13165pt.
 [24 <./images/randSimMix.png>]
Overfull \hbox (47.30153pt too wide) in paragraph at lines 1083--1084
\OT1/cmr/m/n/12 The impact of number of tags on average accumulated payoff in r
andom and peer-like-similarity
 []


Underfull \hbox (badness 10000) in paragraph at lines 1098--1101

 []


LaTeX Warning: `!h' float specifier changed to `!ht'.


LaTeX Warning: `!h' float specifier changed to `!ht'.

[25] <images/SimTags.png, id=603, 362.3136pt x 217.7736pt>
File: images/SimTags.png Graphic file (type png)

<use images/SimTags.png>
Package pdftex.def Info: images/SimTags.png used on input line 1198.
(pdftex.def)             Requested size: 258.00539pt x 155.07556pt.

<images/RandTags.png, id=604, 401.3394pt x 349.7868pt>
File: images/RandTags.png Graphic file (type png)

<use images/RandTags.png>
Package pdftex.def Info: images/RandTags.png used on input line 1206.
(pdftex.def)             Requested size: 258.00539pt x 224.87688pt.
 [26 <./images/SimTags.png>] [27 <./images/RandTags.png>]
Overfull \hbox (8.80563pt too wide) in paragraph at lines 1231--1242
\OT1/cmr/m/n/12 peers. In this condition, peer-follow-similarity would outperfo
rm peer-distance strategy
 []


LaTeX Warning: `!h' float specifier changed to `!ht'.

[28] <images/distance-follow.png, id=624, 362.3136pt x 217.7736pt>
File: images/distance-follow.png Graphic file (type png)

<use images/distance-follow.png>
Package pdftex.def Info: images/distance-follow.png used on input line 1311.
(pdftex.def)             Requested size: 258.00539pt x 155.07556pt.
 [29 <./images/distance-follow.png>]
Overfull \hbox (46.01169pt too wide) in paragraph at lines 1338--1340
\OMS/cmsy/m/n/12 j\OML/cmm/m/it/12 p[]\OMS/cmsy/m/n/12 j\OT1/cmr/m/n/12 )$ , th
en $\OML/cmm/m/it/12 Pr\OT1/cmr/m/n/12 (\OML/cmm/m/it/12 P[] like the popular \
OMS/cmsy/m/n/12 ^^@ \OML/cmm/m/it/12 document d \OT1/cmr/m/n/12 ) \OML/cmm/m/it
/12 < Pr\OT1/cmr/m/n/12 (\OML/cmm/m/it/12 P[] like the popular \OMS/cmsy/m/n/12
 ^^@
 []


LaTeX Warning: `!h' float specifier changed to `!ht'.


LaTeX Warning: `!h' float specifier changed to `!ht'.

[30] <images/doc-pop-rand-2taste.png, id=637, 645.612pt x 608.5134pt>
File: images/doc-pop-rand-2taste.png Graphic file (type png)

<use images/doc-pop-rand-2taste.png>
Package pdftex.def Info: images/doc-pop-rand-2taste.png used on input line 1422
.
(pdftex.def)             Requested size: 258.00539pt x 243.1782pt.


LaTeX Warning: `!h' float specifier changed to `!ht'.


<images/Exp4-doc-pop-and-random-MajorMinor.png, id=638, 563.2242pt x 419.6478pt
>
File: images/Exp4-doc-pop-and-random-MajorMinor.png Graphic file (type png)
 <use images/Exp4-doc-pop-and-random-MajorMinor.png>
Package pdftex.def Info: images/Exp4-doc-pop-and-random-MajorMinor.png used on 
input line 1433.
(pdftex.def)             Requested size: 258.00539pt x 192.2335pt.


LaTeX Warning: `!h' float specifier changed to `!ht'.

[31] [32 <./images/doc-pop-rand-2taste.png> <./images/Exp4-doc-pop-and-random-M
ajorMinor.png>]
Overfull \hbox (9.99359pt too wide) in paragraph at lines 1453--1455
[]\OT1/cmr/m/n/12 Peer-like-similarity strategy: we explained on the behaviour 
of peer-like-similarity
 []


Overfull \hbox (14.91992pt too wide) in paragraph at lines 1463--1466
[]\OT1/cmr/m/n/12 In every document search, if returned documents are ranked by
 the peer-popularity
 []


Overfull \hbox (38.00853pt too wide) in paragraph at lines 1463--1466
\OT1/cmr/m/n/12 assume the chance of a document being liked would equal $[]$. 
 []


LaTeX Warning: `!h' float specifier changed to `!ht'.


LaTeX Warning: `!h' float specifier changed to `!ht'.

[33

]
Overfull \hbox (2.02098pt too wide) in paragraph at lines 1546--1550
\OT1/cmr/m/n/12 peer-popularity strategy. This could be justified with our hypo
these on peer-similarity
 []

<images/peer-pop-peer-sim-2taste.png, id=659, 671.6292pt x 400.3758pt>
File: images/peer-pop-peer-sim-2taste.png Graphic file (type png)

<use images/peer-pop-peer-sim-2taste.png>
Package pdftex.def Info: images/peer-pop-peer-sim-2taste.png used on input line
 1553.
(pdftex.def)             Requested size: 258.00539pt x 153.79997pt.

Underfull \hbox (badness 2772) in paragraph at lines 1554--1554
[]\OT1/cmr/m/n/12 Figure 7: []Average accumulated payoff with the number of ite
rations in
 []


LaTeX Warning: `!h' float specifier changed to `!ht'.


<images/Exp4-peer-pop-and-peer-sim-MajorMinor.png, id=660, 724.1454pt x 524.680
2pt>
File: images/Exp4-peer-pop-and-peer-sim-MajorMinor.png Graphic file (type png)
 <use images/Exp4-peer-pop-and-peer-sim-MajorMinor.png>
Package pdftex.def Info: images/Exp4-peer-pop-and-peer-sim-MajorMinor.png used 
on input line 1571.
(pdftex.def)             Requested size: 258.00539pt x 186.93927pt.

Underfull \hbox (badness 2772) in paragraph at lines 1573--1573
[]\OT1/cmr/m/n/12 Figure 8: []Average accumulated payoff with the number of ite
rations in
 []


LaTeX Warning: `!h' float specifier changed to `!ht'.

[34] [35 <./images/peer-pop-peer-sim-2taste.png> <./images/Exp4-peer-pop-and-pe
er-sim-MajorMinor.png>]
Overfull \hbox (16.48528pt too wide) in paragraph at lines 1585--1591
\OT1/cmr/m/n/12 choose the published document in its topK sooner than the non-r
elavent documents
 []


LaTeX Warning: `!h' float specifier changed to `!ht'.


LaTeX Warning: `!h' float specifier changed to `!ht'.


LaTeX Warning: `!h' float specifier changed to `!ht'.

[36] <images/EXP7-Doc-pop-prod-cons.png, id=679, 637.9032pt x 447.1104pt>
File: images/EXP7-Doc-pop-prod-cons.png Graphic file (type png)

<use images/EXP7-Doc-pop-prod-cons.png>
Package pdftex.def Info: images/EXP7-Doc-pop-prod-cons.png used on input line 1
710.
(pdftex.def)             Requested size: 258.00539pt x 180.83994pt.


LaTeX Warning: `!h' float specifier changed to `!ht'.

[37]

LaTeX Warning: `!h' float specifier changed to `!ht'.


LaTeX Warning: `!h' float specifier changed to `!ht'.


LaTeX Warning: `!h' float specifier changed to `!ht'.

[38 <./images/EXP7-Doc-pop-prod-cons.png>]
Overfull \hbox (8.52277pt too wide) in paragraph at lines 1803--1804
[]\OT1/cmr/m/n/12 In the experiment, the consumers with major taste ended visit
ing all their document
 []

<images/EXP6-RandomStrategy-prod-cons.png, id=694, 615.2586pt x 423.5022pt>
File: images/EXP6-RandomStrategy-prod-cons.png Graphic file (type png)

<use images/EXP6-RandomStrategy-prod-cons.png>
Package pdftex.def Info: images/EXP6-RandomStrategy-prod-cons.png used on input
 line 1808.
(pdftex.def)             Requested size: 258.00539pt x 177.59183pt.


LaTeX Warning: `!h' float specifier changed to `!ht'.

[39] [40 <./images/EXP6-RandomStrategy-prod-cons.png>]
<images/EXP8-Strategies_Prod-Major-taste.png, id=710, 765.0984pt x 508.7808pt>
File: images/EXP8-Strategies_Prod-Major-taste.png Graphic file (type png)

<use images/EXP8-Strategies_Prod-Major-taste.png>
Package pdftex.def Info: images/EXP8-Strategies_Prod-Major-taste.png used on in
put line 1926.
(pdftex.def)             Requested size: 258.00539pt x 171.57025pt.
 [41]
<images/EXP8-Strategies_Prod-Minor-taste.png, id=720, 838.332pt x 553.5882pt>
File: images/EXP8-Strategies_Prod-Minor-taste.png Graphic file (type png)

<use images/EXP8-Strategies_Prod-Minor-taste.png>
Package pdftex.def Info: images/EXP8-Strategies_Prod-Minor-taste.png used on in
put line 1939.
(pdftex.def)             Requested size: 258.00539pt x 170.36884pt.

<images/EXP8-Strategies-cons-Major-taste.png, id=722, 563.2242pt x 491.9178pt>
File: images/EXP8-Strategies-cons-Major-taste.png Graphic file (type png)

<use images/EXP8-Strategies-cons-Major-taste.png>
Package pdftex.def Info: images/EXP8-Strategies-cons-Major-taste.png used on in
put line 1950.
(pdftex.def)             Requested size: 258.00539pt x 225.33917pt.


LaTeX Warning: `!h' float specifier changed to `!ht'.

[42 <./images/EXP8-Strategies_Prod-Major-taste.png> <./images/EXP8-Strategies_P
rod-Minor-taste.png>]
<images/EXP8-Strategies-cons-Minor-taste.png, id=732, 827.2506pt x 575.2692pt>
File: images/EXP8-Strategies-cons-Minor-taste.png Graphic file (type png)

<use images/EXP8-Strategies-cons-Minor-taste.png>
Package pdftex.def Info: images/EXP8-Strategies-cons-Minor-taste.png used on in
put line 1962.
(pdftex.def)             Requested size: 258.00539pt x 179.42006pt.
 [43 <./images/EXP8-Strategies-cons-Major-taste.png> <./images/EXP8-Strategies-
cons-Minor-taste.png>]

LaTeX Warning: `!h' float specifier changed to `!ht'.


LaTeX Warning: `!h' float specifier changed to `!ht'.


LaTeX Warning: `!h' float specifier changed to `!ht'.

[44]
<images/EXP9-doc-pop-twoSettings-MajorMinor.png, id=746, 765.0984pt x 439.8834p
t>
File: images/EXP9-doc-pop-twoSettings-MajorMinor.png Graphic file (type png)
 <use images/EXP9-doc-pop-twoSettings-MajorMinor.png>
Package pdftex.def Info: images/EXP9-doc-pop-twoSettings-MajorMinor.png used on
 input line 2078.
(pdftex.def)             Requested size: 344.005pt x 197.7779pt.


LaTeX Warning: `!h' float specifier changed to `!ht'.

[45] [46 <./images/EXP9-doc-pop-twoSettings-MajorMinor.png>]

LaTeX Warning: `!h' float specifier changed to `!ht'.

[47]
<images/EXP10-peer-sim-twoSettings-MajorMinor.png, id=767, 640.794pt x 435.0654
pt>
File: images/EXP10-peer-sim-twoSettings-MajorMinor.png Graphic file (type png)
 <use images/EXP10-peer-sim-twoSettings-MajorMinor.png>
Package pdftex.def Info: images/EXP10-peer-sim-twoSettings-MajorMinor.png used 
on input line 2200.
(pdftex.def)             Requested size: 344.005pt x 233.56425pt.
 [48 <./images/EXP10-peer-sim-twoSettings-MajorMinor.png>]
Overfull \hbox (2.9131pt too wide) in paragraph at lines 2220--2222
\OT1/cmr/m/n/12 strategies on each other, when each strategy is used by major o
r minor taste consumers
 []


LaTeX Warning: `!h' float specifier changed to `!ht'.


LaTeX Warning: `!h' float specifier changed to `!ht'.


LaTeX Warning: `!h' float specifier changed to `!ht'.

[49]
<images/EXP11-doc-pop-peer-sim-MajorMinor.png, id=781, 591.6504pt x 378.6948pt>
File: images/EXP11-doc-pop-peer-sim-MajorMinor.png Graphic file (type png)
<use images/EXP11-doc-pop-peer-sim-MajorMinor.png>
Package pdftex.def Info: images/EXP11-doc-pop-peer-sim-MajorMinor.png used on i
nput line 2339.
(pdftex.def)             Requested size: 344.005pt x 220.19208pt.


LaTeX Warning: `!h' float specifier changed to `!ht'.

[50] [51 <./images/EXP11-doc-pop-peer-sim-MajorMinor.png>]

LaTeX Warning: `!h' float specifier changed to `!ht'.

[52]
Overfull \hbox (6.71677pt too wide) in paragraph at lines 2455--2460
\OT1/cmr/m/n/12 larger. We can conclude that similar to document-strategy, in p
eer-popularity strategy,
 []


Overfull \hbox (11.2033pt too wide) in paragraph at lines 2455--2460
\OT1/cmr/m/n/12 the peer-popularity metric is calculated similarly for all the 
minor and major consumers.
 []


<images/EXP12-peer-pop-twoSettings-MajorMinor.png, id=802, 655.248pt x 396.5214
pt>
File: images/EXP12-peer-pop-twoSettings-MajorMinor.png Graphic file (type png)
 <use images/EXP12-peer-pop-twoSettings-MajorMinor.png>
Package pdftex.def Info: images/EXP12-peer-pop-twoSettings-MajorMinor.png used 
on input line 2463.
(pdftex.def)             Requested size: 344.005pt x 208.17683pt.
 [53 <./images/EXP12-peer-pop-twoSettings-MajorMinor.png>]
Overfull \hbox (13.61021pt too wide) in paragraph at lines 2479--2480
\OT1/cmr/m/n/12 In Setting1, when Major taste consumers use peer-popularity and
 minor taste consumers
 []


LaTeX Warning: `!h' float specifier changed to `!ht'.


LaTeX Warning: `!h' float specifier changed to `!ht'.


LaTeX Warning: `!h' float specifier changed to `!ht'.

[54]
Overfull \hbox (16.42546pt too wide) in paragraph at lines 2585--2587
\OT1/cmr/m/n/12 have a performance similar to the performance of major consumer
s in peer-like-similarity,
 []


Overfull \hbox (18.25322pt too wide) in paragraph at lines 2588--2589
[]\OT1/cmr/m/n/12 The result of this expriment, indicate that the peer-populari
ty and peer-like-similarity
 []

[55]
<images/EXP13-peer-pop-peer-sim-MajorMinor.png, id=824, 494.8086pt x 486.1362pt
>
File: images/EXP13-peer-pop-peer-sim-MajorMinor.png Graphic file (type png)
 <use images/EXP13-peer-pop-peer-sim-MajorMinor.png>
Package pdftex.def Info: images/EXP13-peer-pop-peer-sim-MajorMinor.png used on 
input line 2593.
(pdftex.def)             Requested size: 344.005pt x 337.99348pt.
 (./Exp.bbl [56 <./images/EXP13-peer-pop-peer-sim-MajorMinor.png>]
Underfull \hbox (badness 3039) in paragraph at lines 10--15
[]\OT1/cmr/m/n/12 Panayotis Antoniadis and Benedicte Le Grand.  Self-organised 
virtual
 []

)
Package atveryend Info: Empty hook `BeforeClearDocument' on input line 2603.
 [57]
Package atveryend Info: Empty hook `AfterLastShipout' on input line 2603.
 (./Exp.aux)
Package atveryend Info: Executing hook `AtVeryEndDocument' on input line 2603.
Package atveryend Info: Executing hook `AtEndAfterFileList' on input line 2603.

Package rerunfilecheck Info: File `Exp.out' has not changed.
(rerunfilecheck)             Checksum: A3C20A81CD2FB55D3B092DAAFAA0943A;6133.


LaTeX Warning: There were multiply-defined labels.

Package atveryend Info: Empty hook `AtVeryVeryEnd' on input line 2603.
 ) 
Here is how much of TeX's memory you used:
 7731 strings out of 493117
 115529 string characters out of 6135433
 212386 words of memory out of 5000000
 10826 multiletter control sequences out of 15000+600000
 10632 words of font info for 38 fonts, out of 8000000 for 9000
 1141 hyphenation exceptions out of 8191
 30i,13n,35p,272b,436s stack positions out of 5000i,500n,10000p,200000b,80000s
</usr/local/texlive/2014/texmf-dist/fonts/type1/public/amsfonts/cm/cmbx12.pfb
></usr/local/texlive/2014/texmf-dist/fonts/type1/public/amsfonts/cm/cmex10.pfb>
</usr/local/texlive/2014/texmf-dist/fonts/type1/public/amsfonts/cm/cmmi12.pfb><
/usr/local/texlive/2014/texmf-dist/fonts/type1/public/amsfonts/cm/cmmi6.pfb></u
sr/local/texlive/2014/texmf-dist/fonts/type1/public/amsfonts/cm/cmmi8.pfb></usr
/local/texlive/2014/texmf-dist/fonts/type1/public/amsfonts/cm/cmr12.pfb></usr/l
ocal/texlive/2014/texmf-dist/fonts/type1/public/amsfonts/cm/cmr17.pfb></usr/loc
al/texlive/2014/texmf-dist/fonts/type1/public/amsfonts/cm/cmr8.pfb></usr/local/
texlive/2014/texmf-dist/fonts/type1/public/amsfonts/cm/cmsl12.pfb></usr/local/t
exlive/2014/texmf-dist/fonts/type1/public/amsfonts/cm/cmsy10.pfb></usr/local/te
xlive/2014/texmf-dist/fonts/type1/public/amsfonts/cm/cmsy8.pfb></usr/local/texl
ive/2014/texmf-dist/fonts/type1/public/amsfonts/cm/cmti12.pfb>
Output written on Exp.pdf (57 pages, 2442519 bytes).
PDF statistics:
 933 PDF objects out of 1000 (max. 8388607)
 815 compressed objects within 9 object streams
 250 named destinations out of 1000 (max. 500000)
 760 words of extra memory for PDF output out of 10000 (max. 10000000)

